
> pi-crm@1.0.0 start
> node dist/server.js

2026-02-13T01:07:19.422Z [INFO]: Database connected (foreign keys enabled)
node:events:486
      throw er; // Unhandled 'error' event
      ^

Error: listen EADDRINUSE: address already in use :::3000
    at Server.setupListenHandle [as _listen2] (node:net:1940:16)
    at listenInCluster (node:net:1997:12)
    at Server.listen (node:net:2102:7)
    at app.listen (/home/andy/crm-server/node_modules/express/lib/application.js:635:24)
    at main (/home/andy/crm-server/dist/server.js:21:9)
Emitted 'error' event on Server instance at:
    at emitErrorNT (node:net:1976:8)
    at process.processTicksAndRejections (node:internal/process/task_queues:89:21) {
  code: 'EADDRINUSE',
  errno: -98,
  syscall: 'listen',
  address: '::',
  port: 3000
}

Node.js v24.13.0
